<?xml version="1.0" encoding="UTF-8"?>
<!-- Generated by org.testng.reporters.JUnitReportReporter -->
<testsuite hostname="MAHIRADHA" failures="0" tests="1" name="com.orangehrm.base.Base_Class" time="14.841" errors="0" timestamp="2025-01-07T13:43:39 IST" skipped="0">
  <testcase classname="com.orangehrm.base.Base_Class" name="Crossbrowser_testing" time="14.841"/>
</testsuite> <!-- com.orangehrm.base.Base_Class -->
