<?xml version="1.0" encoding="UTF-8"?>
<!-- Generated by org.testng.reporters.JUnitReportReporter -->
<testsuite hostname="MAHIRADHA" failures="0" tests="1" name="com.orangehrm.base.Base_Class" time="9.722" errors="0" timestamp="2025-01-05T00:50:43 IST" skipped="0">
  <testcase classname="com.orangehrm.base.Base_Class" name="browser_launch" time="9.722"/>
</testsuite> <!-- com.orangehrm.base.Base_Class -->
