<?xml version="1.0" encoding="UTF-8"?>
<!-- Generated by org.testng.reporters.JUnitReportReporter -->
<<<<<<< HEAD
<testsuite hostname="Raghavendar" failures="0" tests="1" name="com.orangehrm.base.Base_Class" time="6.930" errors="0" timestamp="2025-01-07T01:27:26 EST" skipped="0">
  <testcase classname="com.orangehrm.base.Base_Class" name="browser_launch" time="6.930"/>
=======
<testsuite hostname="MAHIRADHA" failures="0" tests="1" name="com.orangehrm.base.Base_Class" time="19.140" errors="0" timestamp="2025-01-07T12:44:50 IST" skipped="0">
  <testcase classname="com.orangehrm.base.Base_Class" name="Crossbrowser_testing" time="19.140"/>
>>>>>>> branch 'master' of https://github.com/Mahesh12061994/HRM_Project.git
</testsuite> <!-- com.orangehrm.base.Base_Class -->
