<?xml version="1.0" encoding="UTF-8"?>
<!-- Generated by org.testng.reporters.JUnitReportReporter -->
<testsuite hostname="MAHIRADHA" failures="0" tests="1" name="com.orangehrm.base.Base_Class" time="12.386" errors="0" timestamp="2025-01-05T13:02:12 IST" skipped="0">
  <testcase classname="com.orangehrm.base.Base_Class" name="Crossbrowser_testing" time="12.386"/>
</testsuite> <!-- com.orangehrm.base.Base_Class -->
